<?xml version="1.0" encoding="UTF-8"?>
<testsuite name="WordsVirtuosoTest" tests="1" skipped="0" failures="0" errors="0" timestamp="2023-04-10T19:25:40" hostname="IKOKSASUS" time="0.384">
  <properties/>
  <testcase name="start" classname="WordsVirtuosoTest" time="0.384"/>
  <system-out><![CDATA[?[1;31m
Start test 1?[0m
Error: Wrong number of arguments.
Error: Wrong number of arguments.
Error: Wrong number of arguments.
?[1;31m
Start test 2?[0m
Error: The words file noexist.txt doesn't exist.
Error: The candidate words file noexist.txt doesn't exist.
?[1;31m
Start test 3?[0m
Error: 7 invalid words were found in the wrongwords.txt file.
?[1;31m
Start test 4?[0m
Error: 9 invalid words were found in the wrongcandidates.txt file.
?[1;31m
Start test 5?[0m
Error: 3 candidate words are not included in the somewords.txt file.
?[1;31m
Start test 6?[0m
Words Virtuoso
]]></system-out>
  <system-err><![CDATA[]]></system-err>
</testsuite>
